2024-01-17 17:55:09 0 [Note] Starting MariaDB 10.4.32-MariaDB source revision c4143f909528e3fab0677a28631d10389354c491 as process 5040
2024-01-17 17:55:09 0 [Note] InnoDB: Mutexes and rw_locks use Windows interlocked functions
2024-01-17 17:55:09 0 [Note] InnoDB: Uses event mutexes
2024-01-17 17:55:09 0 [Note] InnoDB: Compressed tables use zlib 1.3
2024-01-17 17:55:09 0 [Note] InnoDB: Number of pools: 1
2024-01-17 17:55:09 0 [Note] InnoDB: Using SSE2 crc32 instructions
2024-01-17 17:55:09 0 [Note] InnoDB: Initializing buffer pool, total size = 16M, instances = 1, chunk size = 16M
2024-01-17 17:55:09 0 [Note] InnoDB: Completed initialization of buffer pool
2024-01-17 17:55:09 0 [Note] InnoDB: Starting crash recovery from checkpoint LSN=300288
2024-01-17 17:55:09 0 [Note] InnoDB: 128 out of 128 rollback segments are active.
2024-01-17 17:55:09 0 [Note] InnoDB: Removed temporary tablespace data file: "ibtmp1"
2024-01-17 17:55:09 0 [Note] InnoDB: Creating shared tablespace for temporary tables
2024-01-17 17:55:09 0 [Note] InnoDB: Setting file 'C:\xampp\mysql\data\ibtmp1' size to 12 MB. Physically writing the file full; Please wait ...
2024-01-17 17:55:09 0 [Note] InnoDB: File 'C:\xampp\mysql\data\ibtmp1' size is now 12 MB.
2024-01-17 17:55:09 0 [Note] InnoDB: Waiting for purge to start
2024-01-17 17:55:09 0 [Note] InnoDB: 10.4.32 started; log sequence number 300297; transaction id 170
2024-01-17 17:55:09 0 [Note] InnoDB: Loading buffer pool(s) from C:\xampp\mysql\data\ib_buffer_pool
2024-01-17 17:55:09 0 [Note] Plugin 'FEEDBACK' is disabled.
2024-01-17 17:55:09 0 [Note] Server socket created on IP: '::'.
2024-01-172024-01-23  0:42:20 0 [Note] Starting MariaDB 10.4.32-MariaDB source revision c4143f909528e3fab0677a28631d10389354c491 as process 6164
2024-01-23  0:42:20 0 [Note] InnoDB: Mutexes and rw_locks use Windows interlocked functions
2024-01-23  0:42:20 0 [Note] InnoDB: Uses event mutexes
2024-01-23  0:42:20 0 [Note] InnoDB: Compressed tables use zlib 1.3
2024-01-23  0:42:20 0 [Note] InnoDB: Number of pools: 1
2024-01-23  0:42:20 0 [Note] InnoDB: Using SSE2 crc32 instructions
2024-01-23  0:42:20 0 [Note] InnoDB: Initializing buffer pool, total size = 16M, instances = 1, chunk size = 16M
2024-01-23  0:42:20 0 [Note] InnoDB: Completed initialization of buffer pool
2024-01-23  0:42:20 0 [Note] InnoDB: Starting crash recovery from checkpoint LSN=300638
2024-01-23  0:42:20 0 [Note] InnoDB: 128 out of 128 rollback segments are active.
2024-01-23  0:42:20 0 [Note] InnoDB: Removed temporary tablespace data file: "ibtmp1"
2024-01-23  0:42:20 0 [Note] InnoDB: Creating shared tablespace for temporary tables
2024-01-23  0:42:20 0 [Note] InnoDB: Setting file 'C:\xampp\mysql\data\ibtmp1' size to 12 MB. Physically writing the file full; Please wait ...
2024-01-23  0:42:20 0 [Note] InnoDB: File 'C:\xampp\mysql\data\ibtmp1' size is now 12 MB.
2024-01-23  0:42:20 0 [Note] InnoDB: Waiting for purge to start
2024-01-23  0:42:20 0 [Note] InnoDB: 10.4.32 started; log sequence number 300647; transaction id 193
2024-01-23  0:42:20 0 [Note] InnoDB: Loading buffer pool(s) from C:\xampp\mysql\data\ib_buffer_pool
2024-01-23  0:42:20 0 [Note] Plugin 'FEEDBACK' is disabled.
2024-01-23  0:42:20 0 [Note] InnoDB: Buffer pool(s) load completed at 240123  0:42:20
2024-01-23  0:42:20 0 [Note] Server socket created on IP: '::'.
2024-01-23 10:47:23 0 [Note] Starting MariaDB 10.4.32-MariaDB source revision c4143f909528e3fab0677a28631d10389354c491 as process 8664
2024-01-23 10:47:23 0 [Note] InnoDB: Mutexes and rw_locks use Windows interlocked functions
2024-01-23 10:47:23 0 [Note] InnoDB: Uses event mutexes
2024-01-23 10:47:23 0 [Note] InnoDB: Compressed tables use zlib 1.3
2024-01-23 10:47:23 0 [Note] InnoDB: Number of pools: 1
2024-01-23 10:47:23 0 [Note] InnoDB: Using SSE2 crc32 instructions
2024-01-23 10:47:23 0 [Note] InnoDB: Initializing buffer pool, total size = 16M, instances = 1, chunk size = 16M
2024-01-23 10:47:23 0 [Note] InnoDB: Completed initialization of buffer pool
2024-01-23 10:47:23 0 [Note] InnoDB: Starting crash recovery from checkpoint LSN=437534
2024-01-23 10:47:23 0 [Note] InnoDB: 128 out of 128 rollback segments are active.
2024-01-23 10:47:23 0 [Note] InnoDB: Removed temporary tablespace data file: "ibtmp1"
2024-01-23 10:47:23 0 [Note] InnoDB: Creating shared tablespace for temporary tables
2024-01-23 10:47:23 0 [Note] InnoDB: Setting file 'C:\xampp\mysql\data\ibtmp1' size to 12 MB. Physically writing the file full; Please wait ...
2024-01-23 10:47:23 0 [Note] InnoDB: File 'C:\xampp\mysql\data\ibtmp1' size is now 12 MB.
2024-01-23 10:47:23 0 [Note] InnoDB: Waiting for purge to start
2024-01-23 10:47:23 0 [Note] InnoDB: 10.4.32 started; log sequence number 437543; transaction id 687
2024-01-23 10:47:23 0 [Note] InnoDB: Loading buffer pool(s) from C:\xampp\mysql\data\ib_buffer_pool
2024-01-23 10:47:23 0 [Note] Plugin 'FEEDBACK' is disabled.
2024-01-23 10:47:23 0 [Note] InnoDB: Buffer pool(s) load completed at 240123 10:47:23
2024-01-23 10:47:23 0 [Note] Server socket created on IP: '::'.
2024-01-23 19:30:33 0 [Note] Starting MariaDB 10.4.32-MariaDB source revision c4143f909528e3fab0677a28631d10389354c491 as process 3448
2024-01-23 19:30:33 0 [Note] InnoDB: Mutexes and rw_locks use Windows interlocked functions
2024-01-23 19:30:33 0 [Note] InnoDB: Uses event mutexes
2024-01-23 19:30:33 0 [Note] InnoDB: Compressed tables use zlib 1.3
2024-01-23 19:30:33 0 [Note] InnoDB: Number of pools: 1
2024-01-23 19:30:33 0 [Note] InnoDB: Using SSE2 crc32 instructions
2024-01-23 19:30:33 0 [Note] InnoDB: Initializing buffer pool, total size = 16M, instances = 1, chunk size = 16M
2024-01-23 19:30:33 0 [Note] InnoDB: Completed initialization of buffer pool
2024-01-23 19:30:33 0 [Note] InnoDB: Starting crash recovery from checkpoint LSN=438174
2024-01-23 19:30:33 0 [Note] InnoDB: 128 out of 128 rollback segments are active.
2024-01-23 19:30:33 0 [Note] InnoDB: Removed temporary tablespace data file: "ibtmp1"
2024-01-23 19:30:33 0 [Note] InnoDB: Creating shared tablespace for temporary tables
2024-01-23 19:30:33 0 [Note] InnoDB: Setting file 'C:\xampp\mysql\data\ibtmp1' size to 12 MB. Physically writing the file full; Please wait ...
2024-01-23 19:30:33 0 [Note] InnoDB: File 'C:\xampp\mysql\data\ibtmp1' size is now 12 MB.
2024-01-23 19:30:33 0 [Note] InnoDB: Waiting for purge to start
2024-01-23 19:30:33 0 [Note] InnoDB: 10.4.32 started; log sequence number 438183; transaction id 713
2024-01-23 19:30:33 0 [Note] InnoDB: Loading buffer pool(s) from C:\xampp\mysql\data\ib_buffer_pool
2024-01-23 19:30:33 0 [Note] Plugin 'FEEDBACK' is disabled.
2024-01-23 19:30:33 0 [Note] Server socket created on IP: '::'.
2024-01-23 22:10:46 0 [Note] Starting MariaDB 10.4.32-MariaDB source revision c4143f909528e3fab0677a28631d10389354c491 as process 188
2024-01-23 22:10:46 0 [Note] InnoDB: Mutexes and rw_locks use Windows interlocked functions
2024-01-23 22:10:46 0 [Note] InnoDB: Uses event mutexes
2024-01-23 22:10:46 0 [Note] InnoDB: Compressed tables use zlib 1.3
2024-01-23 22:10:46 0 [Note] InnoDB: Number of pools: 1
2024-01-23 22:10:46 0 [Note] InnoDB: Using SSE2 crc32 instructions
2024-01-23 22:10:46 0 [Note] InnoDB: Initializing buffer pool, total size = 16M, instances = 1, chunk size = 16M
2024-01-23 22:10:46 0 [Note] InnoDB: Completed initialization of buffer pool
2024-01-23 22:10:46 0 [Note] InnoDB: Starting crash recovery from checkpoint LSN=456871
2024-01-23 22:10:46 0 [Note] InnoDB: 128 out of 128 rollback segments are active.
2024-01-23 22:10:46 0 [Note] InnoDB: Removed temporary tablespace data file: "ibtmp1"
2024-01-23 22:10:46 0 [Note] InnoDB: Creating shared tablespace for temporary tables
2024-01-23 22:10:46 0 [Note] InnoDB: Setting file 'C:\xampp\mysql\data\ibtmp1' size to 12 MB. Physically writing the file full; Please wait ...
2024-01-23 22:10:46 0 [Note] InnoDB: File 'C:\xampp\mysql\data\ibtmp1' size is now 12 MB.
2024-01-23 22:10:46 0 [Note] InnoDB: Waiting for purge to start
2024-01-23 22:10:46 0 [Note] InnoDB: 10.4.32 started; log sequence number 456880; transaction id 815
2024-01-23 22:10:46 0 [Note] InnoDB: Loading buffer pool(s) from C:\xampp\mysql\data\ib_buffer_pool
2024-01-23 22:10:46 0 [Note] Plugin 'FEEDBACK' is disabled.
2024-01-23 22:10:46 0 [Note] Server socket created on IP: '::'.
2024-01-24  8:08:17 0 [Note] Starting MariaDB 10.4.32-MariaDB source revision c4143f909528e3fab0677a28631d10389354c491 as process 9312
2024-01-24  8:08:17 0 [Note] InnoDB: Mutexes and rw_locks use Windows interlocked functions
2024-01-24  8:08:17 0 [Note] InnoDB: Uses event mutexes
2024-01-24  8:08:17 0 [Note] InnoDB: Compressed tables use zlib 1.3
2024-01-24  8:08:17 0 [Note] InnoDB: Number of pools: 1
2024-01-24  8:08:17 0 [Note] InnoDB: Using SSE2 crc32 instructions
2024-01-24  8:08:17 0 [Note] InnoDB: Initializing buffer pool, total size = 16M, instances = 1, chunk size = 16M
2024-01-24  8:08:17 0 [Note] InnoDB: Completed initialization of buffer pool
2024-01-24  8:08:17 0 [Note] InnoDB: Starting crash recovery from checkpoint LSN=494412
2024-01-24  8:08:17 0 [Note] InnoDB: 128 out of 128 rollback segments are active.
2024-01-24  8:08:17 0 [Note] InnoDB: Removed temporary tablespace data file: "ibtmp1"
2024-01-24  8:08:17 0 [Note] InnoDB: Creating shared tablespace for temporary tables
2024-01-24  8:08:17 0 [Note] InnoDB: Setting file 'C:\xampp\mysql\data\ibtmp1' size to 12 MB. Physically writing the file full; Please wait ...
2024-01-24  8:08:17 0 [Note] InnoDB: File 'C:\xampp\mysql\data\ibtmp1' size is now 12 MB.
2024-01-24  8:08:17 0 [Note] InnoDB: Waiting for purge to start
2024-01-24  8:08:17 0 [Note] InnoDB: 10.4.32 started; log sequence number 494421; transaction id 971
2024-01-24  8:08:17 0 [Note] Plugin 'FEEDBACK' is disabled.
2024-01-24  8:08:17 0 [Note] InnoDB: Loading buffer pool(s) from C:\xampp\mysql\data\ib_buffer_pool
2024-01-24  8:08:17 0 [Note] Server socket created on IP: '::'.
2024-01-25 11:58:49 0 [Note] Starting MariaDB 10.4.32-MariaDB source revision c4143f909528e3fab0677a28631d10389354c491 as process 6408
2024-01-25 11:58:49 0 [Note] InnoDB: Mutexes and rw_locks use Windows interlocked functions
2024-01-25 11:58:49 0 [Note] InnoDB: Uses event mutexes
2024-01-25 11:58:49 0 [Note] InnoDB: Compressed tables use zlib 1.3
2024-01-25 11:58:49 0 [Note] InnoDB: Number of pools: 1
2024-01-25 11:58:49 0 [Note] InnoDB: Using SSE2 crc32 instructions
2024-01-25 11:58:49 0 [Note] InnoDB: Initializing buffer pool, total size = 16M, instances = 1, chunk size = 16M
2024-01-25 11:58:49 0 [Note] InnoDB: Completed initialization of buffer pool
2024-01-25 11:58:49 0 [Note] InnoDB: Starting crash recovery from checkpoint LSN=497010
2024-01-25 11:58:49 0 [Note] InnoDB: 128 out of 128 rollback segments are active.
2024-01-25 11:58:49 0 [Note] InnoDB: Removed temporary tablespace data file: "ibtmp1"
2024-01-25 11:58:49 0 [Note] InnoDB: Creating shared tablespace for temporary tables
2024-01-25 11:58:49 0 [Note] InnoDB: Setting file 'C:\xampp\mysql\data\ibtmp1' size to 12 MB. Physically writing the file full; Please wait ...
2024-01-25 11:58:49 0 [Note] InnoDB: File 'C:\xampp\mysql\data\ibtmp1' size is now 12 MB.
2024-01-25 11:58:49 0 [Note] InnoDB: Waiting for purge to start
2024-01-25 11:58:49 0 [Note] InnoDB: 10.4.32 started; log sequence number 497019; transaction id 1007
2024-01-25 11:58:49 0 [Note] InnoDB: Loading buffer pool(s) from C:\xampp\mysql\data\ib_buffer_pool
2024-01-25 11:58:49 0 [Note] Plugin 'FEEDBACK' is disabled.
2024-01-25 11:58:49 0 [Note] Server socket created on IP: '::'.
2024-01-26  5:41:59 0 [Note] Starting MariaDB 10.4.32-MariaDB source revision c4143f909528e3fab0677a28631d10389354c491 as process 2460
2024-01-26  5:41:59 0 [Note] InnoDB: Mutexes and rw_locks use Windows interlocked functions
2024-01-26  5:41:59 0 [Note] InnoDB: Uses event mutexes
2024-01-26  5:41:59 0 [Note] InnoDB: Compressed tables use zlib 1.3
2024-01-26  5:41:59 0 [Note] InnoDB: Number of pools: 1
2024-01-26  5:41:59 0 [Note] InnoDB: Using SSE2 crc32 instructions
2024-01-26  5:41:59 0 [Note] InnoDB: Initializing buffer pool, total size = 16M, instances = 1, chunk size = 16M
2024-01-26  5:41:59 0 [Note] InnoDB: Completed initialization of buffer pool
2024-01-26  5:41:59 0 [Note] InnoDB: Starting crash recovery from checkpoint LSN=719011
2024-01-26  5:41:59 0 [Note] InnoDB: 128 out of 128 rollback segments are active.
2024-01-26  5:41:59 0 [Note] InnoDB: Removed temporary tablespace data file: "ibtmp1"
2024-01-26  5:41:59 0 [Note] InnoDB: Creating shared tablespace for temporary tables
2024-01-26  5:41:59 0 [Note] InnoDB: Setting file 'C:\xampp\mysql\data\ibtmp1' size to 12 MB. Physically writing the file full; Please wait ...
2024-01-26  5:41:59 0 [Note] InnoDB: File 'C:\xampp\mysql\data\ibtmp1' size is now 12 MB.
2024-01-26  5:41:59 0 [Note] InnoDB: Waiting for purge to start
2024-01-26  5:41:59 0 [Note] InnoDB: 10.4.32 started; log sequence number 719020; transaction id 1955
2024-01-26  5:41:59 0 [Note] InnoDB: Loading buffer pool(s) from C:\xampp\mysql\data\ib_buffer_pool
2024-01-26  5:41:59 0 [Note] Plugin 'FEEDBACK' is disabled.
2024-01-26  5:41:59 0 [Note] Server socket created on IP: '::'.
2024-01-26 10:57:30 0 [Note] Starting MariaDB 10.4.32-MariaDB source revision c4143f909528e3fab0677a28631d10389354c491 as process 4940
2024-01-26 10:57:30 0 [Note] InnoDB: Mutexes and rw_locks use Windows interlocked functions
2024-01-26 10:57:30 0 [Note] InnoDB: Uses event mutexes
2024-01-26 10:57:30 0 [Note] InnoDB: Compressed tables use zlib 1.3
2024-01-26 10:57:30 0 [Note] InnoDB: Number of pools: 1
2024-01-26 10:57:30 0 [Note] InnoDB: Using SSE2 crc32 instructions
2024-01-26 10:57:30 0 [Note] InnoDB: Initializing buffer pool, total size = 16M, instances = 1, chunk size = 16M
2024-01-26 10:57:30 0 [Note] InnoDB: Completed initialization of buffer pool
2024-01-26 10:57:30 0 [Note] InnoDB: Starting crash recovery from checkpoint LSN=719029
2024-01-26 10:57:30 0 [Note] InnoDB: 128 out of 128 rollback segments are active.
2024-01-26 10:57:30 0 [Note] InnoDB: Removed temporary tablespace data file: "ibtmp1"
2024-01-26 10:57:30 0 [Note] InnoDB: Creating shared tablespace for temporary tables
2024-01-26 10:57:30 0 [Note] InnoDB: Setting file 'C:\xampp\mysql\data\ibtmp1' size to 12 MB. Physically writing the file full; Please wait ...
2024-01-26 10:57:30 0 [Note] InnoDB: File 'C:\xampp\mysql\data\ibtmp1' size is now 12 MB.
2024-01-26 10:57:30 0 [Note] InnoDB: Waiting for purge to start
2024-01-26 10:57:30 0 [Note] InnoDB: 10.4.32 started; log sequence number 719038; transaction id 1955
2024-01-26 10:57:30 0 [Note] InnoDB: Loading buffer pool(s) from C:\xampp\mysql\data\ib_buffer_pool
2024-01-26 10:57:30 0 [Note] Plugin 'FEEDBACK' is disabled.
2024-01-26 10:57:31 0 [Note] Server socket created on IP: '::'.
2024-01-26 13:51:40 0 [Note] Starting MariaDB 10.4.32-MariaDB source revision c4143f909528e3fab0677a28631d10389354c491 as process 8864
2024-01-26 13:51:40 0 [Note] InnoDB: Mutexes and rw_locks use Windows interlocked functions
2024-01-26 13:51:40 0 [Note] InnoDB: Uses event mutexes
2024-01-26 13:51:40 0 [Note] InnoDB: Compressed tables use zlib 1.3
2024-01-26 13:51:40 0 [Note] InnoDB: Number of pools: 1
2024-01-26 13:51:40 0 [Note] InnoDB: Using SSE2 crc32 instructions
2024-01-26 13:51:40 0 [Note] InnoDB: Initializing buffer pool, total size = 16M, instances = 1, chunk size = 16M
2024-01-26 13:51:40 0 [Note] InnoDB: Completed initialization of buffer pool
2024-01-26 13:51:40 0 [Note] InnoDB: Starting crash recovery from checkpoint LSN=720758
2024-01-26 13:51:40 0 [Note] InnoDB: 128 out of 128 rollback segments are active.
2024-01-26 13:51:40 0 [Note] InnoDB: Removed temporary tablespace data file: "ibtmp1"
2024-01-26 13:51:40 0 [Note] InnoDB: Creating shared tablespace for temporary tables
2024-01-26 13:51:40 0 [Note] InnoDB: Setting file 'C:\xampp\mysql\data\ibtmp1' size to 12 MB. Physically writing the file full; Please wait ...
2024-01-26 13:51:40 0 [Note] InnoDB: File 'C:\xampp\mysql\data\ibtmp1' size is now 12 MB.
2024-01-26 13:51:40 0 [Note] InnoDB: Waiting for purge to start
2024-01-26 13:51:40 0 [Note] InnoDB: 10.4.32 started; log sequence number 720767; transaction id 1986
2024-01-26 13:51:40 0 [Note] InnoDB: Loading buffer pool(s) from C:\xampp\mysql\data\ib_buffer_pool
2024-01-26 13:51:40 0 [Note] Plugin 'FEEDBACK' is disabled.
2024-01-26 13:51:40 0 [Note] Server socket created on IP: '::'.
2024-01-27 12:09:53 0 [Note] Starting MariaDB 10.4.32-MariaDB source revision c4143f909528e3fab0677a28631d10389354c491 as process 8924
2024-01-27 12:09:53 0 [Note] InnoDB: Mutexes and rw_locks use Windows interlocked functions
2024-01-27 12:09:53 0 [Note] InnoDB: Uses event mutexes
2024-01-27 12:09:53 0 [Note] InnoDB: Compressed tables use zlib 1.3
2024-01-27 12:09:53 0 [Note] InnoDB: Number of pools: 1
2024-01-27 12:09:53 0 [Note] InnoDB: Using SSE2 crc32 instructions
2024-01-27 12:09:53 0 [Note] InnoDB: Initializing buffer pool, total size = 16M, instances = 1, chunk size = 16M
2024-01-27 12:09:53 0 [Note] InnoDB: Completed initialization of buffer pool
2024-01-27 12:09:53 0 [Note] InnoDB: Starting crash recovery from checkpoint LSN=730052
2024-01-27 12:09:53 0 [Note] InnoDB: 128 out of 128 rollback segments are active.
2024-01-27 12:09:53 0 [Note] InnoDB: Removed temporary tablespace data file: "ibtmp1"
2024-01-27 12:09:53 0 [Note] InnoDB: Creating shared tablespace for temporary tables
2024-01-27 12:09:53 0 [Note] InnoDB: Setting file 'C:\xampp\mysql\data\ibtmp1' size to 12 MB. Physically writing the file full; Please wait ...
2024-01-27 12:09:53 0 [Note] InnoDB: File 'C:\xampp\mysql\data\ibtmp1' size is now 12 MB.
2024-01-27 12:09:53 0 [Note] InnoDB: Waiting for purge to start
2024-01-27 12:09:53 0 [Note] InnoDB: 10.4.32 started; log sequence number 730061; transaction id 2045
2024-01-27 12:09:53 0 [Note] InnoDB: Loading buffer pool(s) from C:\xampp\mysql\data\ib_buffer_pool
2024-01-27 12:09:53 0 [Note] Plugin 'FEEDBACK' is disabled.
2024-01-27 12:09:53 0 [Note] Server socket created on IP: '::'.
2024-05-30 15:35:28 0 [Note] Starting MariaDB 10.4.32-MariaDB source revision c4143f909528e3fab0677a28631d10389354c491 as process 4932
2024-05-30 15:35:28 0 [Note] InnoDB: Mutexes and rw_locks use Windows interlocked functions
2024-05-30 15:35:28 0 [Note] InnoDB: Uses event mutexes
2024-05-30 15:35:28 0 [Note] InnoDB: Compressed tables use zlib 1.3
2024-05-30 15:35:28 0 [Note] InnoDB: Number of pools: 1
2024-05-30 15:35:28 0 [Note] InnoDB: Using SSE2 crc32 instructions
2024-05-30 15:35:28 0 [Note] InnoDB: Initializing buffer pool, total size = 16M, instances = 1, chunk size = 16M
2024-05-30 15:35:28 0 [Note] InnoDB: Completed initialization of buffer pool
2024-05-30 15:35:28 0 [Note] InnoDB: Starting crash recovery from checkpoint LSN=749625
2024-05-30 15:35:29 0 [Note] InnoDB: 128 out of 128 rollback segments are active.
2024-05-30 15:35:29 0 [Note] InnoDB: Removed temporary tablespace data file: "ibtmp1"
2024-05-30 15:35:29 0 [Note] InnoDB: Creating shared tablespace for temporary tables
2024-05-30 15:35:29 0 [Note] InnoDB: Setting file 'C:\xampp\mysql\data\ibtmp1' size to 12 MB. Physically writing the file full; Please wait ...
2024-05-30 15:35:29 0 [Note] InnoDB: File 'C:\xampp\mysql\data\ibtmp1' size is now 12 MB.
2024-05-30 15:35:29 0 [Note] InnoDB: Waiting for purge to start
2024-05-30 15:35:29 0 [Note] InnoDB: 10.4.32 started; log sequence number 749634; transaction id 2164
2024-05-30 15:35:29 0 [Note] InnoDB: Loading buffer pool(s) from C:\xampp\mysql\data\ib_buffer_pool
2024-05-30 15:35:29 0 [Note] Plugin 'FEEDBACK' is disabled.
2024-05-30 15:35:29 0 [Note] Server socket created on IP: '::'.
2024-05-31 22:51:18 0 [Note] Starting MariaDB 10.4.32-MariaDB source revision c4143f909528e3fab0677a28631d10389354c491 as process 4084
2024-05-31 22:51:18 0 [Note] InnoDB: Mutexes and rw_locks use Windows interlocked functions
2024-05-31 22:51:18 0 [Note] InnoDB: Uses event mutexes
2024-05-31 22:51:18 0 [Note] InnoDB: Compressed tables use zlib 1.3
2024-05-31 22:51:18 0 [Note] InnoDB: Number of pools: 1
2024-05-31 22:51:18 0 [Note] InnoDB: Using SSE2 crc32 instructions
2024-05-31 22:51:18 0 [Note] InnoDB: Initializing buffer pool, total size = 16M, instances = 1, chunk size = 16M
2024-05-31 22:51:18 0 [Note] InnoDB: Completed initialization of buffer pool
2024-05-31 22:51:18 0 [Note] InnoDB: Starting crash recovery from checkpoint LSN=749643
2024-05-31 22:51:18 0 [Note] InnoDB: 128 out of 128 rollback segments are active.
2024-05-31 22:51:18 0 [Note] InnoDB: Removed temporary tablespace data file: "ibtmp1"
2024-05-31 22:51:18 0 [Note] InnoDB: Creating shared tablespace for temporary tables
2024-05-31 22:51:18 0 [Note] InnoDB: Setting file 'C:\xampp\mysql\data\ibtmp1' size to 12 MB. Physically writing the file full; Please wait ...
2024-05-31 22:51:18 0 [Note] InnoDB: File 'C:\xampp\mysql\data\ibtmp1' size is now 12 MB.
2024-05-31 22:51:18 0 [Note] InnoDB: Waiting for purge to start
2024-05-31 22:51:18 0 [Note] InnoDB: 10.4.32 started; log sequence number 749652; transaction id 2164
2024-05-31 22:51:18 0 [Note] InnoDB: Loading buffer pool(s) from C:\xampp\mysql\data\ib_buffer_pool
2024-05-31 22:51:18 0 [Note] Plugin 'FEEDBACK' is disabled.
2024-05-31 22:51:18 0 [Note] InnoDB: Buffer pool(s) load completed at 240531 22:51:18
2024-05-31 22:51:18 0 [Note] Server socket created on IP: '::'.
2024-06-02 20:11:58 0 [Note] Starting MariaDB 10.4.32-MariaDB source revision c4143f909528e3fab0677a28631d10389354c491 as process 10056
2024-06-02 20:11:58 0 [Note] InnoDB: Mutexes and rw_locks use Windows interlocked functions
2024-06-02 20:11:58 0 [Note] InnoDB: Uses event mutexes
2024-06-02 20:11:58 0 [Note] InnoDB: Compressed tables use zlib 1.3
2024-06-02 20:11:58 0 [Note] InnoDB: Number of pools: 1
2024-06-02 20:11:58 0 [Note] InnoDB: Using SSE2 crc32 instructions
2024-06-02 20:11:58 0 [Note] InnoDB: Initializing buffer pool, total size = 16M, instances = 1, chunk size = 16M
2024-06-02 20:11:58 0 [Note] InnoDB: Completed initialization of buffer pool
2024-06-02 20:11:58 0 [Note] InnoDB: Starting crash recovery from checkpoint LSN=764536
2024-06-02 20:11:58 0 [Note] InnoDB: 128 out of 128 rollback segments are active.
2024-06-02 20:11:58 0 [Note] InnoDB: Removed temporary tablespace data file: "ibtmp1"
2024-06-02 20:11:58 0 [Note] InnoDB: Creating shared tablespace for temporary tables
2024-06-02 20:11:58 0 [Note] InnoDB: Setting file 'C:\xampp\mysql\data\ibtmp1' size to 12 MB. Physically writing the file full; Please wait ...
2024-06-02 20:11:58 0 [Note] InnoDB: File 'C:\xampp\mysql\data\ibtmp1' size is now 12 MB.
2024-06-02 20:11:58 0 [Note] InnoDB: Waiting for purge to start
2024-06-02 20:11:58 0 [Note] InnoDB: 10.4.32 started; log sequence number 764545; transaction id 2212
2024-06-02 20:11:58 0 [Note] InnoDB: Loading buffer pool(s) from C:\xampp\mysql\data\ib_buffer_pool
2024-06-02 20:11:58 0 [Note] Plugin 'FEEDBACK' is disabled.
2024-06-02 20:11:58 0 [Note] Server socket created on IP: '::'.
2024-06-03 23:47:03 0 [Note] Starting MariaDB 10.4.32-MariaDB source revision c4143f909528e3fab0677a28631d10389354c491 as process 5844
2024-06-03 23:47:03 0 [Note] InnoDB: Mutexes and rw_locks use Windows interlocked functions
2024-06-03 23:47:03 0 [Note] InnoDB: Uses event mutexes
2024-06-03 23:47:03 0 [Note] InnoDB: Compressed tables use zlib 1.3
2024-06-03 23:47:03 0 [Note] InnoDB: Number of pools: 1
2024-06-03 23:47:03 0 [Note] InnoDB: Using SSE2 crc32 instructions
2024-06-03 23:47:03 0 [Note] InnoDB: Initializing buffer pool, total size = 16M, instances = 1, chunk size = 16M
2024-06-03 23:47:03 0 [Note] InnoDB: Completed initialization of buffer pool
2024-06-03 23:47:03 0 [Note] InnoDB: Starting crash recovery from checkpoint LSN=764554
2024-06-03 23:47:03 0 [Note] InnoDB: 128 out of 128 rollback segments are active.
2024-06-03 23:47:03 0 [Note] InnoDB: Removed temporary tablespace data file: "ibtmp1"
2024-06-03 23:47:03 0 [Note] InnoDB: Creating shared tablespace for temporary tables
2024-06-03 23:47:03 0 [Note] InnoDB: Setting file 'C:\xampp\mysql\data\ibtmp1' size to 12 MB. Physically writing the file full; Please wait ...
2024-06-03 23:47:03 0 [Note] InnoDB: File 'C:\xampp\mysql\data\ibtmp1' size is now 12 MB.
2024-06-03 23:47:03 0 [Note] InnoDB: Waiting for purge to start
2024-06-03 23:47:04 0 [Note] InnoDB: 10.4.32 started; log sequence number 764563; transaction id 2212
2024-06-03 23:47:04 0 [Note] InnoDB: Loading buffer pool(s) from C:\xampp\mysql\data\ib_buffer_pool
2024-06-03 23:47:04 0 [Note] Plugin 'FEEDBACK' is disabled.
2024-06-03 23:47:04 0 [Note] Server socket created on IP: '::'.
2024-06-05 21:22:19 0 [Note] Starting MariaDB 10.4.32-MariaDB source revision c4143f909528e3fab0677a28631d10389354c491 as process 6472
2024-06-05 21:22:19 0 [Note] InnoDB: Mutexes and rw_locks use Windows interlocked functions
2024-06-05 21:22:19 0 [Note] InnoDB: Uses event mutexes
2024-06-05 21:22:19 0 [Note] InnoDB: Compressed tables use zlib 1.3
2024-06-05 21:22:19 0 [Note] InnoDB: Number of pools: 1
2024-06-05 21:22:19 0 [Note] InnoDB: Using SSE2 crc32 instructions
2024-06-05 21:22:19 0 [Note] InnoDB: Initializing buffer pool, total size = 16M, instances = 1, chunk size = 16M
2024-06-05 21:22:19 0 [Note] InnoDB: Completed initialization of buffer pool
2024-06-05 21:22:19 0 [Note] InnoDB: Starting crash recovery from checkpoint LSN=764572
2024-06-05 21:22:19 0 [Note] InnoDB: 128 out of 128 rollback segments are active.
2024-06-05 21:22:19 0 [Note] InnoDB: Removed temporary tablespace data file: "ibtmp1"
2024-06-05 21:22:19 0 [Note] InnoDB: Creating shared tablespace for temporary tables
2024-06-05 21:22:19 0 [Note] InnoDB: Setting file 'C:\xampp\mysql\data\ibtmp1' size to 12 MB. Physically writing the file full; Please wait ...
2024-06-05 21:22:19 0 [Note] InnoDB: File 'C:\xampp\mysql\data\ibtmp1' size is now 12 MB.
2024-06-05 21:22:19 0 [Note] InnoDB: Waiting for purge to start
2024-06-05 21:22:19 0 [Note] InnoDB: 10.4.32 started; log sequence number 764581; transaction id 2212
2024-06-05 21:22:19 0 [Note] InnoDB: Loading buffer pool(s) from C:\xampp\mysql\data\ib_buffer_pool
2024-06-05 21:22:19 0 [Note] Plugin 'FEEDBACK' is disabled.
2024-06-05 21:22:19 0 [Note] Server socket created on IP: '::'.
2024-06-06 23:42:04 0 [Note] Starting MariaDB 10.4.32-MariaDB source revision c4143f909528e3fab0677a28631d10389354c491 as process 8880
2024-06-06 23:42:04 0 [Note] InnoDB: Mutexes and rw_locks use Windows interlocked functions
2024-06-06 23:42:04 0 [Note] InnoDB: Uses event mutexes
2024-06-06 23:42:04 0 [Note] InnoDB: Compressed tables use zlib 1.3
2024-06-06 23:42:04 0 [Note] InnoDB: Number of pools: 1
2024-06-06 23:42:04 0 [Note] InnoDB: Using SSE2 crc32 instructions
2024-06-06 23:42:04 0 [Note] InnoDB: Initializing buffer pool, total size = 16M, instances = 1, chunk size = 16M
2024-06-06 23:42:04 0 [Note] InnoDB: Completed initialization of buffer pool
2024-06-06 23:42:04 0 [Note] InnoDB: Starting crash recovery from checkpoint LSN=764590
2024-06-06 23:42:04 0 [Note] InnoDB: 128 out of 128 rollback segments are active.
2024-06-06 23:42:04 0 [Note] InnoDB: Removed temporary tablespace data file: "ibtmp1"
2024-06-06 23:42:04 0 [Note] InnoDB: Creating shared tablespace for temporary tables
2024-06-06 23:42:04 0 [Note] InnoDB: Setting file 'C:\xampp\mysql\data\ibtmp1' size to 12 MB. Physically writing the file full; Please wait ...
2024-06-06 23:42:04 0 [Note] InnoDB: File 'C:\xampp\mysql\data\ibtmp1' size is now 12 MB.
2024-06-06 23:42:04 0 [Note] InnoDB: Waiting for purge to start
2024-06-06 23:42:04 0 [Note] InnoDB: 10.4.32 started; log sequence number 764599; transaction id 2212
2024-06-06 23:42:04 0 [Note] InnoDB: Loading buffer pool(s) from C:\xampp\mysql\data\ib_buffer_pool
2024-06-06 23:42:04 0 [Note] Plugin 'FEEDBACK' is disabled.
2024-06-06 23:42:04 0 [Note] Server socket created on IP: '::'.
2024-06-06 23:44:42 0 [Note] Starting MariaDB 10.4.32-MariaDB source revision c4143f909528e3fab0677a28631d10389354c491 as process 10936
2024-06-06 23:44:42 0 [Note] InnoDB: Mutexes and rw_locks use Windows interlocked functions
2024-06-06 23:44:42 0 [Note] InnoDB: Uses event mutexes
2024-06-06 23:44:42 0 [Note] InnoDB: Compressed tables use zlib 1.3
2024-06-06 23:44:42 0 [Note] InnoDB: Number of pools: 1
2024-06-06 23:44:42 0 [Note] InnoDB: Using SSE2 crc32 instructions
2024-06-06 23:44:42 0 [Note] InnoDB: Initializing buffer pool, total size = 16M, instances = 1, chunk size = 16M
2024-06-06 23:44:42 0 [Note] InnoDB: Completed initialization of buffer pool
2024-06-06 23:44:42 0 [Note] InnoDB: Starting crash recovery from checkpoint LSN=764608
2024-06-06 23:44:42 0 [Note] InnoDB: 128 out of 128 rollback segments are active.
2024-06-06 23:44:42 0 [Note] InnoDB: Removed temporary tablespace data file: "ibtmp1"
2024-06-06 23:44:42 0 [Note] InnoDB: Creating shared tablespace for temporary tables
2024-06-06 23:44:42 0 [Note] InnoDB: Setting file 'C:\xampp\mysql\data\ibtmp1' size to 12 MB. Physically writing the file full; Please wait ...
2024-06-06 23:44:42 0 [Note] InnoDB: File 'C:\xampp\mysql\data\ibtmp1' size is now 12 MB.
2024-06-06 23:44:42 0 [Note] InnoDB: Waiting for purge to start
2024-06-06 23:44:42 0 [Note] InnoDB: 10.4.32 started; log sequence number 764617; transaction id 2212
2024-06-06 23:44:42 0 [Note] InnoDB: Loading buffer pool(s) from C:\xampp\mysql\data\ib_buffer_pool
2024-06-06 23:44:42 0 [Note] Plugin 'FEEDBACK' is disabled.
2024-06-06 23:44:42 0 [Note] Server socket created on IP: '::'.
2024-06-06 23:46:46 0 [Note] Starting MariaDB 10.4.32-MariaDB source revision c4143f909528e3fab0677a28631d10389354c491 as process 5804
2024-06-06 23:46:46 0 [Note] InnoDB: Mutexes and rw_locks use Windows interlocked functions
2024-06-06 23:46:46 0 [Note] InnoDB: Uses event mutexes
2024-06-06 23:46:46 0 [Note] InnoDB: Compressed tables use zlib 1.3
2024-06-06 23:46:46 0 [Note] InnoDB: Number of pools: 1
2024-06-06 23:46:46 0 [Note] InnoDB: Using SSE2 crc32 instructions
2024-06-06 23:46:46 0 [Note] InnoDB: Initializing buffer pool, total size = 16M, instances = 1, chunk size = 16M
2024-06-06 23:46:46 0 [Note] InnoDB: Completed initialization of buffer pool
2024-06-06 23:46:46 0 [Note] InnoDB: Starting crash recovery from checkpoint LSN=764626
2024-06-06 23:46:46 0 [Note] InnoDB: 128 out of 128 rollback segments are active.
2024-06-06 23:46:46 0 [Note] InnoDB: Removed temporary tablespace data file: "ibtmp1"
2024-06-06 23:46:46 0 [Note] InnoDB: Creating shared tablespace for temporary tables
2024-06-06 23:46:46 0 [Note] InnoDB: Setting file 'C:\xampp\mysql\data\ibtmp1' size to 12 MB. Physically writing the file full; Please wait ...
2024-06-06 23:46:46 0 [Note] InnoDB: File 'C:\xampp\mysql\data\ibtmp1' size is now 12 MB.
2024-06-06 23:46:46 0 [Note] InnoDB: Waiting for purge to start
2024-06-06 23:46:46 0 [Note] InnoDB: 10.4.32 started; log sequence number 764635; transaction id 2212
2024-06-06 23:46:46 0 [Note] InnoDB: Loading buffer pool(s) from C:\xampp\mysql\data\ib_buffer_pool
2024-06-06 23:46:46 0 [Note] Plugin 'FEEDBACK' is disabled.
2024-06-06 23:46:46 0 [Note] Server socket created on IP: '::'.
2024-08-09 10:49:05 0 [Note] Starting MariaDB 10.4.32-MariaDB source revision c4143f909528e3fab0677a28631d10389354c491 as process 3016
2024-08-09 10:49:05 0 [Note] InnoDB: Mutexes and rw_locks use Windows interlocked functions
2024-08-09 10:49:05 0 [Note] InnoDB: Uses event mutexes
2024-08-09 10:49:05 0 [Note] InnoDB: Compressed tables use zlib 1.3
2024-08-09 10:49:05 0 [Note] InnoDB: Number of pools: 1
2024-08-09 10:49:05 0 [Note] InnoDB: Using SSE2 crc32 instructions
2024-08-09 10:49:05 0 [Note] InnoDB: Initializing buffer pool, total size = 16M, instances = 1, chunk size = 16M
2024-08-09 10:49:05 0 [Note] InnoDB: Completed initialization of buffer pool
2024-08-09 10:49:05 0 [Note] InnoDB: Starting crash recovery from checkpoint LSN=764644
2024-08-09 10:49:06 0 [Note] InnoDB: 128 out of 128 rollback segments are active.
2024-08-09 10:49:06 0 [Note] InnoDB: Removed temporary tablespace data file: "ibtmp1"
2024-08-09 10:49:06 0 [Note] InnoDB: Creating shared tablespace for temporary tables
2024-08-09 10:49:06 0 [Note] InnoDB: Setting file 'C:\xampp\mysql\data\ibtmp1' size to 12 MB. Physically writing the file full; Please wait ...
2024-08-09 10:49:06 0 [Note] InnoDB: File 'C:\xampp\mysql\data\ibtmp1' size is now 12 MB.
2024-08-09 10:49:06 0 [Note] InnoDB: Waiting for purge to start
2024-08-09 10:49:06 0 [Note] InnoDB: 10.4.32 started; log sequence number 764653; transaction id 2212
2024-08-09 10:49:06 0 [Note] InnoDB: Loading buffer pool(s) from C:\xampp\mysql\data\ib_buffer_pool
2024-08-09 10:49:06 0 [Note] Plugin 'FEEDBACK' is disabled.
2024-08-09 10:49:06 0 [Note] Server socket created on IP: '::'.
